<?xml version="1.0" encoding="UTF-8"?>
<testsuite xmlns:xsi="http://www.w3.org/2001/XMLSchema-instance" xsi:noNamespaceSchemaLocation="https://maven.apache.org/surefire/maven-surefire-plugin/xsd/surefire-test-report-3.0.xsd" version="3.0" name="com.codigo.pooweb.PoowebApplicationTests" time="8.583" tests="1" errors="0" skipped="0" failures="0">
  <properties>
[...]
</properties>
  <testcase name="contextLoads" classname="com.codigo.pooweb.PoowebApplicationTests" time="2.355">
    <system-out><![CDATA[13:37:58.555 [main] INFO org.springframework.test.context.support.AnnotationConfigContextLoaderUtils -- Could not detect default configuration classes for test class [com.codigo.pooweb.PoowebApplicationTests]: PoowebApplicationTests does not declare any static, non-private, non-final, nested classes annotated with @Configuration.
13:37:58.791 [main] INFO org.springframework.boot.test.context.SpringBootTestContextBootstrapper -- Found @SpringBootConfiguration com.codigo.pooweb.PoowebApplication for test class com.codigo.pooweb.PoowebApplicationTests

  .   ____          _            __ _ _
 /\\ / ___'_ __ _ _(_)_ __  __ _ \ \ \ \
( ( )\___ | '_ | '_| | '_ \/ _` | \ \ \ \
 \\/  ___)| |_)| | | | | || (_| |  ) ) ) )
  '  |____| .__|_| |_|_| |_\__, | / / / /
 =========|_|==============|___/=/_/_/_/

 :: Spring Boot ::                (v3.3.4)

2024-09-21T13:38:00.113-06:00  INFO 7784 --- [crud-empleado] [           main] c.codigo.pooweb.PoowebApplicationTests   : Starting PoowebApplicationTests using Java 20.0.2 with PID 7784 (started by Josué López in C:\Users\david\Documents\NetBeansProjects\pooweb)
2024-09-21T13:38:00.116-06:00  INFO 7784 --- [crud-empleado] [           main] c.codigo.pooweb.PoowebApplicationTests   : No active profile set, falling back to 1 default profile: "default"
2024-09-21T13:38:04.246-06:00  INFO 7784 --- [crud-empleado] [           main] c.codigo.pooweb.PoowebApplicationTests   : Started PoowebApplicationTests in 4.947 seconds (process running for 7.679)
]]></system-out>
  </testcase>
</testsuite>